<?xml version="1.0" encoding="UTF-8"?>
<!-- Generated by org.testng.reporters.JUnitReportReporter -->
<testsuite skipped="0" hostname="Ilkins-MBP" name="com.digitalbanking.tests.LoginTest" tests="1" failures="0" timestamp="2020-07-18T09:28:47 CDT" time="12.807" errors="0">
  <testcase name="loginAUserTest" time="12.807" classname="com.digitalbanking.tests.LoginTest"/>
  <system-out/>
</testsuite> <!-- com.digitalbanking.tests.LoginTest -->
