<?xml version="1.0" encoding="UTF-8"?>
<!-- Generated by org.testng.reporters.JUnitReportReporter -->
<testsuite skipped="0" hostname="Ilkins-MBP" name="com.digitalbanking.tests.WithdrawPageTest" tests="1" failures="0" timestamp="2020-07-18T09:28:47 CDT" time="7.495" errors="0">
  <testcase name="transferMoneyTest" time="7.495" classname="com.digitalbanking.tests.WithdrawPageTest"/>
  <system-out/>
</testsuite> <!-- com.digitalbanking.tests.WithdrawPageTest -->
