<?xml version="1.0" encoding="UTF-8"?>
<!-- Generated by org.testng.reporters.JUnitReportReporter -->
<testsuite skipped="0" hostname="Ilkins-MBP" name="com.digitalbanking.tests.HomePageTest" tests="10" failures="0" timestamp="2020-07-18T09:28:47 CDT" time="48.215" errors="0">
  <testcase name="goToNewApplicationAccountTest" time="5.170" classname="com.digitalbanking.tests.HomePageTest"/>
  <system-out/>
  <testcase name="goToViewCheckingAccountTest" time="6.311" classname="com.digitalbanking.tests.HomePageTest"/>
  <system-out/>
  <testcase name="goToViewSavingAccountTest" time="5.911" classname="com.digitalbanking.tests.HomePageTest"/>
  <system-out/>
  <testcase name="goToTransferBetweenAccountsTest" time="5.548" classname="com.digitalbanking.tests.HomePageTest"/>
  <system-out/>
  <testcase name="goToVisaTransferAccountTest" time="4.758" classname="com.digitalbanking.tests.HomePageTest"/>
  <system-out/>
  <testcase name="goToNewCheckingAccountTest" time="4.587" classname="com.digitalbanking.tests.HomePageTest"/>
  <system-out/>
  <testcase name="goToWitdrawAccountTest" time="5.435" classname="com.digitalbanking.tests.HomePageTest"/>
  <system-out/>
  <testcase name="goToNewSavingAccountTest" time="4.889" classname="com.digitalbanking.tests.HomePageTest"/>
  <system-out/>
  <testcase name="goToDepositAccountTest" time="5.570" classname="com.digitalbanking.tests.HomePageTest"/>
  <system-out/>
  <testcase name="verifyHomePageTest" time="0.036" classname="com.digitalbanking.tests.HomePageTest"/>
  <system-out/>
</testsuite> <!-- com.digitalbanking.tests.HomePageTest -->
