<?xml version="1.0" encoding="UTF-8"?>
<!-- Generated by org.testng.reporters.JUnitReportReporter -->
<testsuite skipped="0" hostname="Ilkins-MBP" name="com.digitalbanking.tests.RegisterPageTest" tests="1" failures="0" timestamp="2020-07-18T09:28:47 CDT" time="8.463" errors="0">
  <testcase name="registerNewUserTest" time="8.463" classname="com.digitalbanking.tests.RegisterPageTest"/>
  <system-out/>
</testsuite> <!-- com.digitalbanking.tests.RegisterPageTest -->
