<?xml version="1.0" encoding="UTF-8"?>
<!-- Generated by org.testng.reporters.JUnitReportReporter -->
<testsuite skipped="0" hostname="Ilkins-MBP" name="com.digitalbanking.tests.NewCheckingAccountPageTest" tests="1" failures="0" timestamp="2020-07-18T09:28:47 CDT" time="7.439" errors="0">
  <testcase name="openNewCheckingAccountPageTest" time="7.439" classname="com.digitalbanking.tests.NewCheckingAccountPageTest"/>
  <system-out/>
</testsuite> <!-- com.digitalbanking.tests.NewCheckingAccountPageTest -->
