<?xml version="1.0" encoding="UTF-8"?>
<!-- Generated by org.testng.reporters.JUnitReportReporter -->
<testsuite skipped="0" hostname="Ilkins-MBP" name="com.digitalbanking.tests.NewSavingAccountPageTest" tests="1" failures="0" timestamp="2020-07-18T09:28:47 CDT" time="7.189" errors="0">
  <testcase name="openNewSavingAccountTest" time="7.189" classname="com.digitalbanking.tests.NewSavingAccountPageTest"/>
  <system-out/>
</testsuite> <!-- com.digitalbanking.tests.NewSavingAccountPageTest -->
