<?xml version="1.0" encoding="UTF-8"?>
<testsuite xmlns:xsi="http://www.w3.org/2001/XMLSchema-instance" xsi:noNamespaceSchemaLocation="https://maven.apache.org/surefire/maven-surefire-plugin/xsd/surefire-test-report.xsd" name="TestSuite" time="314.361" tests="17" errors="0" skipped="0" failures="0">
  <properties>
    <property name="PATH" value="/Library/Java/JavaVirtualMachines/amazon-corretto-11.jdk/Contents/Home/bin:/usr/bin:/bin:/usr/sbin:/sbin"/>
    <property name="awt.toolkit" value="sun.lwawt.macosx.LWCToolkit"/>
    <property name="java.specification.version" value="11"/>
    <property name="RUN_DISPLAY_URL" value="http://localhost:8080/job/DigitalBankingAutomation/4/display/redirect"/>
    <property name="HUDSON_HOME" value="/Users/ilkin/.jenkins"/>
    <property name="sun.cpu.isalist" value=""/>
    <property name="RUN_CHANGES_DISPLAY_URL" value="http://localhost:8080/job/DigitalBankingAutomation/4/display/redirect?page=changes"/>
    <property name="sun.jnu.encoding" value="UTF-8"/>
    <property name="sun.arch.data.model" value="64"/>
    <property name="sun.font.fontmanager" value="sun.font.CFontManager"/>
    <property name="java.vendor.url" value="https://aws.amazon.com/corretto/"/>
    <property name="JENKINS_SERVER_COOKIE" value="0a5d6108b39dc702"/>
    <property name="JENKINS_URL" value="http://localhost:8080/"/>
    <property name="sun.boot.library.path" value="/Library/Java/JavaVirtualMachines/amazon-corretto-11.jdk/Contents/Home/lib"/>
    <property name="sun.java.command" value="jenkins.maven3.agent.Maven35Main /Users/ilkin/apache-maven-3.6.3 /Users/ilkin/.jenkins/war/WEB-INF/lib/remoting-4.3.jar /Users/ilkin/.jenkins/plugins/maven-plugin/WEB-INF/lib/maven35-interceptor-1.13.jar /Users/ilkin/.jenkins/plugins/maven-plugin/WEB-INF/lib/maven3-interceptor-commons-1.13.jar 50958"/>
    <property name="maven.home" value="/Users/ilkin/apache-maven-3.6.3"/>
    <property name="jdk.debug" value="release"/>
    <property name="POM_GROUPID" value="DigitalBankingAutomation"/>
    <property name="java.specification.vendor" value="Oracle Corporation"/>
    <property name="java.version.date" value="2020-01-14"/>
    <property name="java.home" value="/Library/Java/JavaVirtualMachines/amazon-corretto-11.jdk/Contents/Home"/>
    <property name="JENKINS_HOME" value="/Users/ilkin/.jenkins"/>
    <property name="file.separator" value="/"/>
    <property name="java.vm.compressedOopsMode" value="Zero based"/>
    <property name="line.separator" value="&#10;"/>
    <property name="NODE_NAME" value="master"/>
    <property name="XPC_FLAGS" value="0x0"/>
    <property name="java.specification.name" value="Java Platform API Specification"/>
    <property name="java.vm.specification.vendor" value="Oracle Corporation"/>
    <property name="BUILD_DISPLAY_NAME" value="#4"/>
    <property name="maven3.interceptor" value="/Users/ilkin/.jenkins/plugins/maven-plugin/WEB-INF/lib/maven35-interceptor-1.13.jar"/>
    <property name="PATH+MAVEN" value="/Users/ilkin/apache-maven-3.6.3/bin"/>
    <property name="maven3.interceptor.common" value="/Users/ilkin/.jenkins/plugins/maven-plugin/WEB-INF/lib/maven3-interceptor-commons-1.13.jar"/>
    <property name="WORKSPACE_TMP" value="/Users/ilkin/.jenkins/workspace/DigitalBankingAutomation@tmp"/>
    <property name="sun.management.compiler" value="HotSpot 64-Bit Tiered Compilers"/>
    <property name="java.runtime.version" value="11.0.6+10-LTS"/>
    <property name="JAVA_HOME" value="/Library/Java/JavaVirtualMachines/amazon-corretto-11.jdk/Contents/Home"/>
    <property name="user.name" value="ilkin"/>
    <property name="JAVA_MAIN_CLASS_417" value="Main"/>
    <property name="POM_ARTIFACTID" value="DigitalBankingAutomation"/>
    <property name="file.encoding" value="UTF-8"/>
    <property name="guice.disable.misplaced.annotation.check" value="true"/>
    <property name="HUDSON_URL" value="http://localhost:8080/"/>
    <property name="WORKSPACE" value="/Users/ilkin/.jenkins/workspace/DigitalBankingAutomation"/>
    <property name="java.vendor.version" value="Corretto-11.0.6.10.1"/>
    <property name="java.io.tmpdir" value="/var/folders/tf/58d50tq552l04dmq9dlzk1gc0000gn/T/"/>
    <property name="java.version" value="11.0.6"/>
    <property name="java.vm.specification.name" value="Java Virtual Machine Specification"/>
    <property name="java.awt.printerjob" value="sun.lwawt.macosx.CPrinterJob"/>
    <property name="JOB_BASE_NAME" value="DigitalBankingAutomation"/>
    <property name="sun.os.patch.level" value="unknown"/>
    <property name="org.slf4j.simpleLogger.defaultLogLevel" value="info"/>
    <property name="java.library.path" value="/Users/ilkin/Library/Java/Extensions:/Library/Java/Extensions:/Network/Library/Java/Extensions:/System/Library/Java/Extensions:/usr/lib/java:."/>
    <property name="BUILD_NUMBER" value="4"/>
    <property name="java.vendor" value="Amazon.com Inc."/>
    <property name="BUILD_URL" value="http://localhost:8080/job/DigitalBankingAutomation/4/"/>
    <property name="sun.io.unicode.encoding" value="UnicodeBig"/>
    <property name="POM_DISPLAYNAME" value="DigitalBankingAutomation"/>
    <property name="socksNonProxyHosts" value="local|*.local|169.254/16|*.169.254/16"/>
    <property name="gopherProxySet" value="false"/>
    <property name="JOB_URL" value="http://localhost:8080/job/DigitalBankingAutomation/"/>
    <property name="java.class.path" value="/Users/ilkin/.jenkins/plugins/maven-plugin/WEB-INF/lib/maven35-agent-1.13.jar:/Users/ilkin/apache-maven-3.6.3/boot/plexus-classworlds-2.6.0.jar:/Users/ilkin/apache-maven-3.6.3/conf/logging"/>
    <property name="java.vm.vendor" value="Amazon.com Inc."/>
    <property name="MAVEN_HOME" value="/Users/ilkin/apache-maven-3.6.3"/>
    <property name="user.timezone" value="America/Chicago"/>
    <property name="maven.conf" value="/Users/ilkin/apache-maven-3.6.3/conf"/>
    <property name="os.name" value="Mac OS X"/>
    <property name="java.vm.specification.version" value="11"/>
    <property name="LOGNAME" value="ilkin"/>
    <property name="user.country" value="US"/>
    <property name="sun.java.launcher" value="SUN_STANDARD"/>
    <property name="POM_VERSION" value="0.0.1-SNAPSHOT"/>
    <property name="http.nonProxyHosts" value="local|*.local|169.254/16|*.169.254/16"/>
    <property name="BUILD_TAG" value="jenkins-DigitalBankingAutomation-4"/>
    <property name="SHELL" value="/bin/zsh"/>
    <property name="sun.cpu.endian" value="little"/>
    <property name="user.home" value="/Users/ilkin"/>
    <property name="user.language" value="en"/>
    <property name="TMPDIR" value="/var/folders/tf/58d50tq552l04dmq9dlzk1gc0000gn/T/"/>
    <property name="java.awt.graphicsenv" value="sun.awt.CGraphicsEnvironment"/>
    <property name="JOB_DISPLAY_URL" value="http://localhost:8080/job/DigitalBankingAutomation/display/redirect"/>
    <property name="M2_HOME" value="/Users/ilkin/apache-maven-3.6.3"/>
    <property name="__CF_USER_TEXT_ENCODING" value="0x1F5:0x0:0x0"/>
    <property name="POM_PACKAGING" value="jar"/>
    <property name="ftp.nonProxyHosts" value="local|*.local|169.254/16|*.169.254/16"/>
    <property name="path.separator" value=":"/>
    <property name="BUILD_ID" value="4"/>
    <property name="os.version" value="10.15.5"/>
    <property name="JOB_NAME" value="DigitalBankingAutomation"/>
    <property name="java.runtime.name" value="OpenJDK Runtime Environment"/>
    <property name="NODE_LABELS" value="master"/>
    <property name="java.vm.name" value="OpenJDK 64-Bit Server VM"/>
    <property name="XPC_SERVICE_NAME" value="homebrew.mxcl.jenkins-lts"/>
    <property name="PATH+JDK" value="/Library/Java/JavaVirtualMachines/amazon-corretto-11.jdk/Contents/Home/bin"/>
    <property name="java.vendor.url.bug" value="https://github.com/corretto/corretto-11/issues/"/>
    <property name="user.dir" value="/Users/ilkin/eclipse-workspace/DigitalBankingAutomation"/>
    <property name="os.arch" value="x86_64"/>
    <property name="EXECUTOR_NUMBER" value="1"/>
    <property name="HUDSON_SERVER_COOKIE" value="0a5d6108b39dc702"/>
    <property name="USER" value="ilkin"/>
    <property name="CLASSPATH" value=""/>
    <property name="SSH_AUTH_SOCK" value="/private/tmp/com.apple.launchd.IeviWx1ohw/Listeners"/>
    <property name="java.vm.info" value="mixed mode"/>
    <property name="java.vm.version" value="11.0.6+10-LTS"/>
    <property name="java.class.version" value="55.0"/>
    <property name="HOME" value="/Users/ilkin"/>
  </properties>
  <testcase name="registerNewUserTest" classname="com.digitalbanking.tests.RegisterPageTest" time="14.02"/>
  <testcase name="openNewCheckingAccountPageTest" classname="com.digitalbanking.tests.NewCheckingAccountPageTest" time="8.185"/>
  <testcase name="openNewSavingAccountTest" classname="com.digitalbanking.tests.NewSavingAccountPageTest" time="8.882"/>
  <testcase name="transferMoneyTest" classname="com.digitalbanking.tests.WithdrawPageTest" time="11.118"/>
  <testcase name="loginAUserTest" classname="com.digitalbanking.tests.LoginTest" time="15.415"/>
  <testcase name="doDepositTest" classname="com.digitalbanking.tests.DepositPageTest" time="8.659"/>
  <testcase name="transferMoneyTest" classname="com.digitalbanking.tests.TransferMoneyPageTest" time="9.433"/>
  <testcase name="goToDepositAccountTest" classname="com.digitalbanking.tests.HomePageTest" time="9.804"/>
  <testcase name="goToNewApplicationAccountTest" classname="com.digitalbanking.tests.HomePageTest" time="9.014"/>
  <testcase name="goToNewCheckingAccountTest" classname="com.digitalbanking.tests.HomePageTest" time="9.085"/>
  <testcase name="goToNewSavingAccountTest" classname="com.digitalbanking.tests.HomePageTest" time="13.256"/>
  <testcase name="goToTransferBetweenAccountsTest" classname="com.digitalbanking.tests.HomePageTest" time="23.476"/>
  <testcase name="goToViewCheckingAccountTest" classname="com.digitalbanking.tests.HomePageTest" time="16.606"/>
  <testcase name="goToViewSavingAccountTest" classname="com.digitalbanking.tests.HomePageTest" time="12.916"/>
  <testcase name="goToVisaTransferAccountTest" classname="com.digitalbanking.tests.HomePageTest" time="9.974"/>
  <testcase name="goToWitdrawAccountTest" classname="com.digitalbanking.tests.HomePageTest" time="6.913"/>
  <testcase name="verifyHomePageTest" classname="com.digitalbanking.tests.HomePageTest" time="0.026"/>
</testsuite>