<?xml version="1.0" encoding="UTF-8"?>
<!-- Generated by org.testng.reporters.JUnitReportReporter -->
<testsuite hostname="Ilkins-MBP" failures="0" tests="10" name="com.digitalbanking.tests.HomePageTest" time="111.068" errors="0" timestamp="2020-07-18T18:33:59 CDT" skipped="0">
  <testcase classname="com.digitalbanking.tests.HomePageTest" name="goToViewCheckingAccountTest" time="16.606"/>
  <system-out/>
  <testcase classname="com.digitalbanking.tests.HomePageTest" name="goToNewApplicationAccountTest" time="9.013"/>
  <system-out/>
  <testcase classname="com.digitalbanking.tests.HomePageTest" name="goToNewCheckingAccountTest" time="9.085"/>
  <system-out/>
  <testcase classname="com.digitalbanking.tests.HomePageTest" name="goToDepositAccountTest" time="9.804"/>
  <system-out/>
  <testcase classname="com.digitalbanking.tests.HomePageTest" name="goToNewSavingAccountTest" time="13.256"/>
  <system-out/>
  <testcase classname="com.digitalbanking.tests.HomePageTest" name="goToVisaTransferAccountTest" time="9.973"/>
  <system-out/>
  <testcase classname="com.digitalbanking.tests.HomePageTest" name="goToWitdrawAccountTest" time="6.913"/>
  <system-out/>
  <testcase classname="com.digitalbanking.tests.HomePageTest" name="goToTransferBetweenAccountsTest" time="23.477"/>
  <system-out/>
  <testcase classname="com.digitalbanking.tests.HomePageTest" name="goToViewSavingAccountTest" time="12.915"/>
  <system-out/>
  <testcase classname="com.digitalbanking.tests.HomePageTest" name="verifyHomePageTest" time="0.026"/>
  <system-out/>
</testsuite> <!-- com.digitalbanking.tests.HomePageTest -->
