<?xml version="1.0" encoding="UTF-8"?>
<!-- Generated by org.testng.reporters.JUnitReportReporter -->
<testsuite hostname="Ilkins-MBP" failures="0" tests="1" name="com.digitalbanking.tests.NewCheckingAccountPageTest" time="8.185" errors="0" timestamp="2020-07-18T18:33:59 CDT" skipped="0">
  <testcase classname="com.digitalbanking.tests.NewCheckingAccountPageTest" name="openNewCheckingAccountPageTest" time="8.185"/>
  <system-out/>
</testsuite> <!-- com.digitalbanking.tests.NewCheckingAccountPageTest -->
