<?xml version="1.0" encoding="UTF-8"?>
<!-- Generated by org.testng.reporters.JUnitReportReporter -->
<testsuite hostname="Ilkins-MBP" failures="0" tests="1" name="com.digitalbanking.tests.LoginTest" time="15.415" errors="0" timestamp="2020-07-18T18:33:59 CDT" skipped="0">
  <testcase classname="com.digitalbanking.tests.LoginTest" name="loginAUserTest" time="15.415"/>
  <system-out/>
</testsuite> <!-- com.digitalbanking.tests.LoginTest -->
