<?xml version="1.0" encoding="UTF-8"?>
<!-- Generated by org.testng.reporters.JUnitReportReporter -->
<testsuite hostname="Ilkins-MBP" failures="0" tests="1" name="com.digitalbanking.tests.NewSavingAccountPageTest" time="8.882" errors="0" timestamp="2020-07-18T18:33:59 CDT" skipped="0">
  <testcase classname="com.digitalbanking.tests.NewSavingAccountPageTest" name="openNewSavingAccountTest" time="8.882"/>
  <system-out/>
</testsuite> <!-- com.digitalbanking.tests.NewSavingAccountPageTest -->
